3:02:26 AM - GET /api/auth/google
3:03:08 AM - POST /api/auth/register
3:03:08 AM - GET /api/notes
3:03:08 AM - GET /api/notes
3:03:30 AM - GET /api/notes
3:03:30 AM - GET /api/notes
3:03:31 AM - GET /api/notes
3:03:31 AM - GET /api/notes
3:07:21 AM - GET /api/notes
3:07:21 AM - GET /api/notes
3:07:21 AM - GET /api/notes
3:07:22 AM - GET /api/notes
3:07:48 AM - GET /api/notes
3:07:48 AM - GET /api/notes
3:07:48 AM - GET /api/notes
3:07:48 AM - GET /api/notes
3:09:55 AM - GET /api/notes
3:09:55 AM - GET /api/notes
3:09:58 AM - GET /api/notes
3:09:58 AM - GET /api/notes
3:10:44 AM - GET /api/auth/google
3:12:13 AM - GET /api/notes
3:12:14 AM - GET /api/notes
3:12:14 AM - GET /api/notes
3:12:14 AM - GET /api/notes
3:15:37 AM - POST /api/ai/chat
3:15:37 AM - POST /api/ai/chat
3:15:45 AM - GET /api/notes
3:15:46 AM - GET /api/notes
3:18:15 AM - GET /api/notes
3:18:15 AM - GET /api/notes
3:18:25 AM - GET /api/notes
3:18:25 AM - GET /api/notes
3:18:26 AM - POST /api/ai/chat
3:18:26 AM - POST /api/ai/chat
3:25:35 AM - POST /api/ai/chat
3:35:33 AM - POST /api/ai/chat
3:03:06 PM - POST /api/auth/register
3:03:10 PM - POST /api/auth/register
3:03:18 PM - POST /api/auth/register
3:03:27 PM - POST /api/auth/login
3:03:30 PM - POST /api/auth/login
3:12:01 PM - GET /api/auth/google
3:12:30 PM - POST /api/auth/register
3:12:33 PM - POST /api/auth/register
3:12:34 PM - GET /api/notes
3:12:34 PM - GET /api/notes
3:12:40 PM - GET /api/notes
3:12:40 PM - GET /api/notes
3:12:42 PM - POST /api/ai/chat
3:12:42 PM - POST /api/ai/chat
3:16:41 PM - GET /api/notes
3:16:43 PM - GET /api/notes
3:16:45 PM - GET /api/auth/google
3:16:51 PM - GET /api/auth/google/callback?iss=https%3A%2F%2Faccounts.google.com&code=4%2F0AfrIepARq9digPFY-Yhy1t_iduphfqQLYAnG6qTViXrbxj16uRaXl-JVOcl6oCNcTpS4pA&scope=email+profile+https%3A%2F%2Fwww.googleapis.com%2Fauth%2Fuserinfo.email+https%3A%2F%2Fwww.googleapis.com%2Fauth%2Fuserinfo.profile+openid&authuser=0&prompt=none
3:20:20 PM - GET /api/auth/google
3:20:27 PM - GET /api/auth/google/callback?iss=https%3A%2F%2Faccounts.google.com&code=4%2F0AfrIepC2NIxkoKjgh51G9dJQRxBxiETa9IdGopE6gl4rNoBj6rq1JihuB2JEFOaSDNARVA&scope=email+profile+openid+https%3A%2F%2Fwww.googleapis.com%2Fauth%2Fuserinfo.profile+https%3A%2F%2Fwww.googleapis.com%2Fauth%2Fuserinfo.email&authuser=0&prompt=none
3:27:57 PM - GET /api/auth/google
3:28:02 PM - GET /api/auth/google/callback?iss=https%3A%2F%2Faccounts.google.com&code=4%2F0AfrIepA_K3PiGB650v24fa98eaCmx3ba4q4L5olJpDoOOMdf7paYb-ijvtyMbxjhUfHNIA&scope=email+profile+openid+https%3A%2F%2Fwww.googleapis.com%2Fauth%2Fuserinfo.profile+https%3A%2F%2Fwww.googleapis.com%2Fauth%2Fuserinfo.email&authuser=4&prompt=none
3:30:17 PM - GET /api/auth/google
3:30:31 PM - GET /api/auth/google/callback?iss=https%3A%2F%2Faccounts.google.com&code=4%2F0AfrIepAqT8ckpOK4yTfnlfVqx1LyAL0mhz4HVTYK-hIcIAGNaKwpqqmFxr63RMT_2jylhA&scope=email+profile+https%3A%2F%2Fwww.googleapis.com%2Fauth%2Fuserinfo.email+https%3A%2F%2Fwww.googleapis.com%2Fauth%2Fuserinfo.profile+openid&authuser=4&prompt=none
3:30:43 PM - GET /api/auth/google/callback?iss=https%3A%2F%2Faccounts.google.com&code=4%2F0AfrIepCDQoCtsoz8rnbk-il5rQqPqrMRKQKAD6fS0YDhVdSNKEtlZImPsB4Gy0zeR1_V1w&scope=email+profile+https%3A%2F%2Fwww.googleapis.com%2Fauth%2Fuserinfo.email+https%3A%2F%2Fwww.googleapis.com%2Fauth%2Fuserinfo.profile+openid&authuser=2&prompt=none
3:32:12 PM - GET /api/auth/google/callback?iss=https%3A%2F%2Faccounts.google.com&code=4%2F0AfrIepDPJjGzKQnxJYjo2lQExJZZiZJEE6Ox7HGUNIXkrCSnd4pQSPZBlzN_3cpB_9wU5A&scope=email+profile+https%3A%2F%2Fwww.googleapis.com%2Fauth%2Fuserinfo.email+https%3A%2F%2Fwww.googleapis.com%2Fauth%2Fuserinfo.profile+openid&authuser=0&prompt=none
3:32:22 PM - GET /api/auth/google/callback?iss=https%3A%2F%2Faccounts.google.com&code=4%2F0AfrIepC2VRA142KJkbxtqBhNFGbIYZ2WTJi2hk_R9OnCHEDwfY94ncNK5kaYbcmk-GbWGg&scope=email+profile+openid+https%3A%2F%2Fwww.googleapis.com%2Fauth%2Fuserinfo.profile+https%3A%2F%2Fwww.googleapis.com%2Fauth%2Fuserinfo.email&authuser=0&prompt=none
5:11:33 PM - GET /api/auth/google
5:11:38 PM - GET /api/auth/google/callback?iss=https%3A%2F%2Faccounts.google.com&code=4%2F0AfrIepAKHJWX8faFv4WpL0_XdE-QyiGG4P7sf1WD1r3K4ybN7DGoMhcJebfYQKBRSUSxPw&scope=email+profile+https%3A%2F%2Fwww.googleapis.com%2Fauth%2Fuserinfo.email+https%3A%2F%2Fwww.googleapis.com%2Fauth%2Fuserinfo.profile+openid&authuser=4&prompt=none
5:11:39 PM - GET /api/notes
5:11:39 PM - GET /api/notes
5:12:17 PM - POST /api/ai/chat
5:12:17 PM - POST /api/ai/chat
5:12:19 PM - GET /api/notes
5:12:19 PM - GET /api/notes
5:12:22 PM - GET /api/notes
5:12:22 PM - GET /api/notes
5:12:24 PM - POST /api/ai/chat
